
> example-basic-server-fns@0.0.0 dev
> ev dev

11:30:23.781 INF evjs·cli Using 'convention-based defaults'
11:30:23.847 INF evjs·cli Starting development server...
<w> [webpack-dev-server] "hot: true" automatically applies HMR plugin, you don't have to add it manually to your webpack configuration.
<i> [webpack-dev-server] [HPM] Proxy created: /api  -> http://localhost:3001
<i> [webpack-dev-server] Project is running at:
<i> [webpack-dev-server] Loopback: http://localhost:3000/, http://[::1]:3000/
<i> [webpack-dev-server] On Your Network (IPv4): http://30.230.67.161:3000/
<i> [webpack-dev-server] On Your Network (IPv6): http://[fd00:1:1001:3300:403f:c64:3d22:618]:3000/
<i> [webpack-dev-server] Content not from webpack is served from '/Users/xusd320/Codes/github/evjs/examples/basic-server-fns/public' directory
11:30:24.394 INF evjs·cli Server bundle detected, starting 'node' API...
assets by path ../ 37.4 KiB
  asset ../server/main.js 36.8 KiB [compared for emit] 1 related asset
  asset ../manifest.json 556 bytes [compared for emit]
asset index.js 1.81 MiB [compared for emit] (name: main) 1 related asset
asset index.html 292 bytes [compared for emit]
orphan modules 199 KiB [orphan] 41 modules
runtime modules 28.1 KiB 13 modules
modules by path ../../node_modules/ 1.57 MiB 116 modules
modules by path ../../packages/ 13 KiB
  modules by path ../../packages/client/esm/*.js 10.8 KiB
    ../../packages/client/esm/index.js 1000 bytes [built] [code generated]
    + 5 modules
  modules by path ../../packages/shared/esm/*.js 2.25 KiB
    ../../packages/shared/esm/index.js 316 bytes [built] [code generated]
    ../../packages/shared/esm/constants.js 309 bytes [built] [code generated]
    + 2 modules
modules by path ./src/ 15.3 KiB
  ./src/main.tsx 151 bytes [built] [code generated]
  ./src/routes.tsx 14.3 KiB [built] [code generated]
  ./src/api/users.server.ts 889 bytes [built] [code generated]
client (webpack 5.105.4) compiled successfully in 343 ms
[SERVER_TRACE] Request hit: http://localhost:3001/api/fn POST
[SERVER_TRACE] Parsing JSON...
[SERVER_TRACE] Parsed successfully: test
[SERVER_TRACE] Dispatching: test
[SERVER_TRACE] Dispatch returned!
assets by status 37.1 KiB [cached] 2 assets
assets by status 1.81 MiB [emitted]
  assets by path *.js 1.81 MiB
    asset index.js 1.81 MiB [emitted] (name: main) 1 related asset
    asset main.f0309d981bf523e0dc6b.hot-update.js 369 bytes [emitted] [immutable] [hmr] (name: main) 1 related asset
  asset ../manifest.json 644 bytes [emitted]
  asset main.f0309d981bf523e0dc6b.hot-update.json 28 bytes [emitted] [immutable] [hmr]
Entrypoint main 1.81 MiB (1.97 MiB) = index.js 1.81 MiB main.f0309d981bf523e0dc6b.hot-update.js 369 bytes 2 auxiliary assets
cached modules 1.79 MiB [cached] 170 modules
runtime modules 28.1 KiB 13 modules
client (webpack 5.105.4) compiled successfully in 68 ms
assets by status 292 bytes [cached] 1 asset
assets by path *.js 1.81 MiB
  asset index.js 1.81 MiB [emitted] (name: main) 1 related asset
  asset main.c8cca34a363f98cff40e.hot-update.js 369 bytes [emitted] [immutable] [hmr] (name: main) 1 related asset
assets by path ../ 38.3 KiB
  asset ../server/main.js 37.6 KiB [emitted] 1 related asset
  asset ../manifest.json 681 bytes [emitted]
asset main.c8cca34a363f98cff40e.hot-update.json 28 bytes [emitted] [immutable] [hmr]
Entrypoint main 1.81 MiB (1.97 MiB) = index.js 1.81 MiB main.c8cca34a363f98cff40e.hot-update.js 369 bytes 2 auxiliary assets
cached modules 1.79 MiB [cached] 170 modules
runtime modules 28.1 KiB 13 modules
client (webpack 5.105.4) compiled successfully in 52 ms
Restarting '/Users/xusd320/Codes/github/evjs/examples/basic-server-fns/dist/server/_dev_start.cjs'
assets by status 1.84 MiB [cached] 3 assets
asset ../manifest.json 667 bytes [emitted]
cached modules 1.79 MiB (javascript) 28.1 KiB (runtime) [cached] 183 modules
client (webpack 5.105.4) compiled successfully in 29 ms
assets by status 292 bytes [cached] 1 asset
assets by path *.js 1.81 MiB
  asset index.js 1.81 MiB [emitted] (name: main) 1 related asset
  asset main.3e842c143c5b24617c4b.hot-update.js 369 bytes [emitted] [immutable] [hmr] (name: main) 1 related asset
assets by path ../ 38.2 KiB
  asset ../server/main.js 37.5 KiB [emitted] 1 related asset
  asset ../manifest.json 755 bytes [emitted]
asset main.3e842c143c5b24617c4b.hot-update.json 28 bytes [emitted] [immutable] [hmr]
Entrypoint main 1.81 MiB (1.97 MiB) = index.js 1.81 MiB main.3e842c143c5b24617c4b.hot-update.js 369 bytes 2 auxiliary assets
cached modules 1.79 MiB [cached] 170 modules
runtime modules 28.1 KiB 13 modules
client (webpack 5.105.4) compiled successfully in 48 ms
Restarting '/Users/xusd320/Codes/github/evjs/examples/basic-server-fns/dist/server/_dev_start.cjs'
assets by status 292 bytes [cached] 1 asset
assets by path *.js 1.81 MiB
  asset index.js 1.81 MiB [emitted] (name: main) 1 related asset
  asset main.eebe779e480ccaf73117.hot-update.js 369 bytes [emitted] [immutable] [hmr] (name: main) 1 related asset
assets by path ../ 38.5 KiB
  asset ../server/main.js 37.7 KiB [emitted] 1 related asset
  asset ../manifest.json 792 bytes [emitted]
asset main.eebe779e480ccaf73117.hot-update.json 28 bytes [emitted] [immutable] [hmr]
Entrypoint main 1.81 MiB (1.97 MiB) = index.js 1.81 MiB main.eebe779e480ccaf73117.hot-update.js 369 bytes 2 auxiliary assets
cached modules 1.79 MiB [cached] 170 modules
runtime modules 28.1 KiB 13 modules
client (webpack 5.105.4) compiled successfully in 54 ms
assets by status 1.84 MiB [cached] 3 assets
asset ../manifest.json 778 bytes [emitted]
cached modules 1.79 MiB (javascript) 28.1 KiB (runtime) [cached] 183 modules
client (webpack 5.105.4) compiled successfully in 22 ms
Restarting '/Users/xusd320/Codes/github/evjs/examples/basic-server-fns/dist/server/_dev_start.cjs'
node:events:486
      throw er; // Unhandled 'error' event
      ^

Error: listen EADDRINUSE: address already in use :::3001
    at Server.setupListenHandle [as _listen2] (node:net:1940:16)
    at listenInCluster (node:net:1997:12)
    at Server.listen (node:net:2102:7)
    at serve (file:///Users/xusd320/Codes/github/evjs/node_modules/@hono/node-server/dist/index.mjs:581:10)
    at serve (file:///Users/xusd320/Codes/github/evjs/packages/server/esm/environments/node.js:13:20)
    at Object.<anonymous> (/Users/xusd320/Codes/github/evjs/examples/basic-server-fns/dist/server/_dev_start.cjs:4:1)
    at Module._compile (node:internal/modules/cjs/loader:1761:14)
    at Object..js (node:internal/modules/cjs/loader:1893:10)
    at Module.load (node:internal/modules/cjs/loader:1481:32)
    at Module._load (node:internal/modules/cjs/loader:1300:12)
Emitted 'error' event on Server instance at:
    at emitErrorNT (node:net:1976:8)
    at process.processTicksAndRejections (node:internal/process/task_queues:89:21) {
  code: 'EADDRINUSE',
  errno: -48,
  syscall: 'listen',
  address: '::',
  port: 3001
}

Node.js v24.12.0
Failed running '/Users/xusd320/Codes/github/evjs/examples/basic-server-fns/dist/server/_dev_start.cjs'. Waiting for file changes before restarting...
assets by status 38 KiB [cached] 2 assets
assets by status 1.83 MiB [emitted]
  assets by path *.js 1.83 MiB
    asset index.js 1.81 MiB [emitted] (name: main) 1 related asset
    asset main.4d9c77c2cdfec106f1f4.hot-update.js 17.5 KiB [emitted] [immutable] [hmr] (name: main) 1 related asset
  asset ../manifest.json 866 bytes [emitted]
  asset main.4d9c77c2cdfec106f1f4.hot-update.json 28 bytes [emitted] [immutable] [hmr]
Entrypoint main 1.83 MiB (1.97 MiB) = index.js 1.81 MiB main.4d9c77c2cdfec106f1f4.hot-update.js 17.5 KiB 2 auxiliary assets
cached modules 1.78 MiB [cached] 169 modules
runtime modules 28.1 KiB 13 modules
./src/routes.tsx 14.8 KiB [built] [code generated]
client (webpack 5.105.4) compiled successfully in 62 ms
assets by status 1.85 MiB [cached] 3 assets
asset ../manifest.json 852 bytes [emitted]
cached modules 1.79 MiB (javascript) 28.1 KiB (runtime) [cached] 181 modules
javascript modules 1.53 KiB
  ../../packages/shared/esm/constants.js 309 bytes [built]
  ../../packages/shared/esm/errors.js 1.22 KiB [built]
client (webpack 5.105.4) compiled successfully in 32 ms
assets by status 1.85 MiB [cached] 3 assets
asset ../manifest.json 889 bytes [emitted]
cached modules 1.79 MiB (javascript) 28.1 KiB (runtime) [cached] 181 modules
javascript modules 742 bytes
  ../../packages/shared/esm/index.js 316 bytes [built]
  ../../packages/shared/esm/http.js 426 bytes [built]
client (webpack 5.105.4) compiled successfully in 26 ms
assets by status 1.85 MiB [cached] 3 assets
asset ../manifest.json 926 bytes [emitted]
cached modules 1.79 MiB (javascript) 28.1 KiB (runtime) [cached] 182 modules
../../packages/client/esm/context.js 677 bytes [built]
client (webpack 5.105.4) compiled successfully in 23 ms
assets by status 1.85 MiB [cached] 3 assets
asset ../manifest.json 963 bytes [emitted]
cached modules 1.79 MiB (javascript) 28.1 KiB (runtime) [cached] 178 modules
javascript modules 10.1 KiB
  ../../packages/client/esm/index.js 1000 bytes [built]
  ../../packages/client/esm/app.js 1.63 KiB [built]
  ../../packages/client/esm/transport.js 4.62 KiB [built]
  ../../packages/client/esm/query.js 2.14 KiB [built]
  ../../packages/client/esm/route.js 735 bytes [built]
client (webpack 5.105.4) compiled successfully in 30 ms
Restarting '/Users/xusd320/Codes/github/evjs/examples/basic-server-fns/dist/server/_dev_start.cjs'
assets by status 1.85 MiB [cached] 3 assets
asset ../manifest.json 1000 bytes [emitted]
cached modules 1.8 MiB (javascript) 28.1 KiB (runtime) [cached] 183 modules
client (webpack 5.105.4) compiled successfully in 24 ms
assets by status 1.85 MiB [cached] 3 assets
asset ../manifest.json 1.01 KiB [emitted]
cached modules 1.8 MiB (javascript) 28.1 KiB (runtime) [cached] 183 modules
client (webpack 5.105.4) compiled successfully in 27 ms
<e> [webpack-dev-middleware] ModuleNotFoundError: Module not found: Error: Can't resolve '@evjs/server/register' in '/Users/xusd320/Codes/github/evjs/examples/basic-server-fns/src/api'
<e>     at /Users/xusd320/Codes/github/evjs/node_modules/webpack/lib/Compilation.js:2073:28
<e>     at /Users/xusd320/Codes/github/evjs/node_modules/webpack/lib/NormalModuleFactory.js:1041:13
<e>     at eval (eval at create (/Users/xusd320/Codes/github/evjs/node_modules/tapable/lib/HookCodeFactory.js:31:10), <anonymous>:10:1)
<e>     at /Users/xusd320/Codes/github/evjs/node_modules/webpack/lib/NormalModuleFactory.js:437:22
<e>     at eval (eval at create (/Users/xusd320/Codes/github/evjs/node_modules/tapable/lib/HookCodeFactory.js:31:10), <anonymous>:9:1)
<e>     at /Users/xusd320/Codes/github/evjs/node_modules/webpack/lib/NormalModuleFactory.js:622:22
<e>     at /Users/xusd320/Codes/github/evjs/node_modules/webpack/lib/NormalModuleFactory.js:181:10
<e>     at /Users/xusd320/Codes/github/evjs/node_modules/webpack/lib/NormalModuleFactory.js:894:25
<e>     at /Users/xusd320/Codes/github/evjs/node_modules/webpack/lib/NormalModuleFactory.js:1126:8
<e>     at /Users/xusd320/Codes/github/evjs/node_modules/webpack/lib/NormalModuleFactory.js:1255:5
<e> resolve '@evjs/server/register' in '/Users/xusd320/Codes/github/evjs/examples/basic-server-fns/src/api'
<e>   Parsed request is a module
<e>   using description file: /Users/xusd320/Codes/github/evjs/examples/basic-server-fns/package.json (relative path: ./src/api)
<e>     Field 'browser' doesn't contain a valid alias configuration
<e>     resolve as module
<e>       /Users/xusd320/Codes/github/evjs/examples/basic-server-fns/src/api/node_modules doesn't exist or is not a directory
<e>       /Users/xusd320/Codes/github/evjs/examples/basic-server-fns/src/node_modules doesn't exist or is not a directory
<e>       /Users/xusd320/Codes/github/evjs/examples/basic-server-fns/node_modules doesn't exist or is not a directory
<e>       /Users/xusd320/Codes/github/evjs/examples/node_modules doesn't exist or is not a directory
<e>       looking for modules in /Users/xusd320/Codes/github/evjs/node_modules
<e>         existing directory /Users/xusd320/Codes/github/evjs/node_modules/@evjs/server
<e>           using description file: /Users/xusd320/Codes/github/evjs/node_modules/@evjs/server/package.json (relative path: .)
<e>             using exports field: ./esm/functions/register.js
<e>               using description file: /Users/xusd320/Codes/github/evjs/node_modules/@evjs/server/package.json (relative path: ./esm/functions/register.js)
<e>                 no extension
<e>                   Field 'browser' doesn't contain a valid alias configuration
<e>                   /Users/xusd320/Codes/github/evjs/node_modules/@evjs/server/esm/functions/register.js doesn't exist
<e>                 .tsx
<e>                   Field 'browser' doesn't contain a valid alias configuration
<e>                   /Users/xusd320/Codes/github/evjs/node_modules/@evjs/server/esm/functions/register.js.tsx doesn't exist
<e>                 .ts
<e>                   Field 'browser' doesn't contain a valid alias configuration
<e>                   /Users/xusd320/Codes/github/evjs/node_modules/@evjs/server/esm/functions/register.js.ts doesn't exist
<e>                 .js
<e>                   Field 'browser' doesn't contain a valid alias configuration
<e>                   /Users/xusd320/Codes/github/evjs/node_modules/@evjs/server/esm/functions/register.js.js doesn't exist
<e>                 as directory
<e>                   /Users/xusd320/Codes/github/evjs/node_modules/@evjs/server/esm/functions/register.js doesn't exist
<e>       /Users/xusd320/Codes/github/node_modules doesn't exist or is not a directory
<e>       /Users/xusd320/Codes/node_modules doesn't exist or is not a directory
<e>       /Users/xusd320/node_modules doesn't exist or is not a directory
<e>       /Users/node_modules doesn't exist or is not a directory
<e>       /node_modules doesn't exist or is not a directory
Restarting '/Users/xusd320/Codes/github/evjs/examples/basic-server-fns/dist/server/_dev_start.cjs'
node:events:486
      throw er; // Unhandled 'error' event
      ^

Error: listen EADDRINUSE: address already in use :::3001
    at Server.setupListenHandle [as _listen2] (node:net:1940:16)
    at listenInCluster (node:net:1997:12)
    at Server.listen (node:net:2102:7)
    at serve (file:///Users/xusd320/Codes/github/evjs/node_modules/@hono/node-server/dist/index.mjs:581:10)
    at serve (file:///Users/xusd320/Codes/github/evjs/packages/server/esm/environments/node.js:13:20)
    at Object.<anonymous> (/Users/xusd320/Codes/github/evjs/examples/basic-server-fns/dist/server/_dev_start.cjs:4:1)
    at Module._compile (node:internal/modules/cjs/loader:1761:14)
    at Object..js (node:internal/modules/cjs/loader:1893:10)
    at Module.load (node:internal/modules/cjs/loader:1481:32)
    at Module._load (node:internal/modules/cjs/loader:1300:12)
Emitted 'error' event on Server instance at:
    at emitErrorNT (node:net:1976:8)
    at process.processTicksAndRejections (node:internal/process/task_queues:89:21) {
  code: 'EADDRINUSE',
  errno: -48,
  syscall: 'listen',
  address: '::',
  port: 3001
}

Node.js v24.12.0
Failed running '/Users/xusd320/Codes/github/evjs/examples/basic-server-fns/dist/server/_dev_start.cjs'. Waiting for file changes before restarting...
Restarting '/Users/xusd320/Codes/github/evjs/examples/basic-server-fns/dist/server/_dev_start.cjs'
